<?xml version="1.0" encoding="UTF-8" ?>
<testsuite tests="24" failures="0" name="library.utils.BookFunctionsTest" time="0.123" errors="0" skipped="0">
  <properties>
    <property name="java.runtime.name" value="Java(TM) SE Runtime Environment"/>
    <property name="sun.boot.library.path" value="D:\Program Files\Java\jdk1.8.0_201\jre\bin"/>
    <property name="java.vm.version" value="25.201-b09"/>
    <property name="java.vm.vendor" value="Oracle Corporation"/>
    <property name="maven.multiModuleProjectDirectory" value="D:\Projekty_java\Programowanie2"/>
    <property name="java.vendor.url" value="http://java.oracle.com/"/>
    <property name="path.separator" value=";"/>
    <property name="guice.disable.misplaced.annotation.check" value="true"/>
    <property name="java.vm.name" value="Java HotSpot(TM) 64-Bit Server VM"/>
    <property name="file.encoding.pkg" value="sun.io"/>
    <property name="user.script" value=""/>
    <property name="user.country" value="PL"/>
    <property name="sun.java.launcher" value="SUN_STANDARD"/>
    <property name="sun.os.patch.level" value=""/>
    <property name="java.vm.specification.name" value="Java Virtual Machine Specification"/>
    <property name="user.dir" value="D:\Projekty_java\Programowanie2"/>
    <property name="java.runtime.version" value="1.8.0_201-b09"/>
    <property name="java.awt.graphicsenv" value="sun.awt.Win32GraphicsEnvironment"/>
    <property name="java.endorsed.dirs" value="D:\Program Files\Java\jdk1.8.0_201\jre\lib\endorsed"/>
    <property name="os.arch" value="amd64"/>
    <property name="java.io.tmpdir" value="C:\Users\roszk\AppData\Local\Temp\"/>
    <property name="line.separator" value="
"/>
    <property name="java.vm.specification.vendor" value="Oracle Corporation"/>
    <property name="user.variant" value=""/>
    <property name="os.name" value="Windows 10"/>
    <property name="classworlds.conf" value="C:\Program Files\JetBrains\IntelliJ IDEA 2019.1.2ulti\plugins\maven\lib\maven3\bin\m2.conf"/>
    <property name="sun.jnu.encoding" value="Cp1250"/>
    <property name="java.library.path" value="D:\Program Files\Java\jdk1.8.0_201\bin;C:\Windows\Sun\Java\bin;C:\Windows\system32;C:\Windows;D:\Program Files\Java\jdk1.8.0_201;C:\Windows\system32;C:\Windows;C:\Windows\System32\Wbem;C:\Windows\System32\WindowsPowerShell\v1.0\;C:\Windows\System32\OpenSSH\;C:\Program Files\Intel\WiFi\bin\;C:\Program Files\Common Files\Intel\WirelessCommon\;C:\Program Files (x86)\AMD\ATI.ACE\Core-Static;d:\Program Files\Git\cmd;D:\Program Files\Apache Software Foundation\Tomcat 8.5\bin;D:\Program Files\Java\jdk1.8.0_201\apache-maven-3.6.0;C:\Users\roszk\AppData\Local\Microsoft\WindowsApps;C:\Program Files\Intel\WiFi\bin\;C:\Program Files\Common Files\Intel\WirelessCommon\;D:\Program Files\Java\jdk1.8.0_201\bin;D:\Program Files\Java\jdk1.8.0_201\apache-maven-3.6.0\bin;;."/>
    <property name="java.specification.name" value="Java Platform API Specification"/>
    <property name="java.class.version" value="52.0"/>
    <property name="sun.management.compiler" value="HotSpot 64-Bit Tiered Compilers"/>
    <property name="os.version" value="10.0"/>
    <property name="user.home" value="C:\Users\roszk"/>
    <property name="user.timezone" value="Europe/Belgrade"/>
    <property name="java.awt.printerjob" value="sun.awt.windows.WPrinterJob"/>
    <property name="java.specification.version" value="1.8"/>
    <property name="file.encoding" value="UTF-8"/>
    <property name="user.name" value="roszk"/>
    <property name="java.class.path" value="C:\Program Files\JetBrains\IntelliJ IDEA 2019.1.2ulti\plugins\maven\lib\maven3\boot\plexus-classworlds-2.5.2.jar;C:\Program Files\JetBrains\IntelliJ IDEA 2019.1.2ulti\lib\idea_rt.jar"/>
    <property name="java.vm.specification.version" value="1.8"/>
    <property name="sun.arch.data.model" value="64"/>
    <property name="java.home" value="D:\Program Files\Java\jdk1.8.0_201\jre"/>
    <property name="sun.java.command" value="org.codehaus.classworlds.Launcher -Didea.version2019.1.2 org.apache.tomcat.maven:tomcat7-maven-plugin:2.2:redeploy"/>
    <property name="java.specification.vendor" value="Oracle Corporation"/>
    <property name="user.language" value="pl"/>
    <property name="awt.toolkit" value="sun.awt.windows.WToolkit"/>
    <property name="java.vm.info" value="mixed mode"/>
    <property name="idea.version2019.1.2" value="true"/>
    <property name="java.version" value="1.8.0_201"/>
    <property name="java.ext.dirs" value="D:\Program Files\Java\jdk1.8.0_201\jre\lib\ext;C:\Windows\Sun\Java\lib\ext"/>
    <property name="sun.boot.class.path" value="D:\Program Files\Java\jdk1.8.0_201\jre\lib\resources.jar;D:\Program Files\Java\jdk1.8.0_201\jre\lib\rt.jar;D:\Program Files\Java\jdk1.8.0_201\jre\lib\sunrsasign.jar;D:\Program Files\Java\jdk1.8.0_201\jre\lib\jsse.jar;D:\Program Files\Java\jdk1.8.0_201\jre\lib\jce.jar;D:\Program Files\Java\jdk1.8.0_201\jre\lib\charsets.jar;D:\Program Files\Java\jdk1.8.0_201\jre\lib\jfr.jar;D:\Program Files\Java\jdk1.8.0_201\jre\classes"/>
    <property name="java.vendor" value="Oracle Corporation"/>
    <property name="maven.home" value="C:\Program Files\JetBrains\IntelliJ IDEA 2019.1.2ulti\plugins\maven\lib\maven3"/>
    <property name="file.separator" value="\"/>
    <property name="java.vendor.url.bug" value="http://bugreport.sun.com/bugreport/"/>
    <property name="sun.cpu.endian" value="little"/>
    <property name="sun.io.unicode.encoding" value="UnicodeLittle"/>
    <property name="sun.desktop" value="windows"/>
    <property name="sun.cpu.isalist" value="amd64"/>
  </properties>
  <testcase classname="library.utils.BookFunctionsTest" name="howManyBooksAfter2007Stream" time="0.038"/>
  <testcase classname="library.utils.BookFunctionsTest" name="findIsbnStram" time="0.002"/>
  <testcase classname="library.utils.BookFunctionsTest" name="findYoungestBookStream" time="0.002"/>
  <testcase classname="library.utils.BookFunctionsTest" name="sortBooksByYearDescending" time="0.001"/>
  <testcase classname="library.utils.BookFunctionsTest" name="sumOfYears" time="0"/>
  <testcase classname="library.utils.BookFunctionsTest" name="findIsbn" time="0"/>
  <testcase classname="library.utils.BookFunctionsTest" name="averageOfBookYearsStream" time="0.05"/>
  <testcase classname="library.utils.BookFunctionsTest" name="isThereAnyBookBefore2003Stream" time="0.001"/>
  <testcase classname="library.utils.BookFunctionsTest" name="howManyBooksAfter2007" time="0"/>
  <testcase classname="library.utils.BookFunctionsTest" name="getBooksAfter2009Map" time="0.006"/>
  <testcase classname="library.utils.BookFunctionsTest" name="get3Lists" time="0.009"/>
  <testcase classname="library.utils.BookFunctionsTest" name="findYoungestBook" time="0.001"/>
  <testcase classname="library.utils.BookFunctionsTest" name="add100YearsToEveryBook" time="0.006"/>
  <testcase classname="library.utils.BookFunctionsTest" name="isThereAnyBookBefore2003" time="0.001"/>
  <testcase classname="library.utils.BookFunctionsTest" name="sumOfYearsStream" time="0.002"/>
  <testcase classname="library.utils.BookFunctionsTest" name="isAllBooksAreNewerThan2000Stream" time="0.001"/>
  <testcase classname="library.utils.BookFunctionsTest" name="findOldestStream" time="0"/>
  <testcase classname="library.utils.BookFunctionsTest" name="getLastTwoBooksStream" time="0"/>
  <testcase classname="library.utils.BookFunctionsTest" name="getBooksWithTitleStartingWithCAndYoungerThan2007" time="0.001"/>
  <testcase classname="library.utils.BookFunctionsTest" name="getLastTwoBooks" time="0"/>
  <testcase classname="library.utils.BookFunctionsTest" name="isAllBooksAreNewerThan2000" time="0"/>
  <testcase classname="library.utils.BookFunctionsTest" name="getYearBookMap" time="0.001"/>
  <testcase classname="library.utils.BookFunctionsTest" name="findOldestBook" time="0"/>
  <testcase classname="library.utils.BookFunctionsTest" name="averageOfBookYears" time="0.001"/>
</testsuite>